<?xml version="1.0" encoding="UTF-8"?>
<!-- Generated by org.testng.reporters.JUnitReportReporter -->
<testsuite hostname="DESKTOP-BVVQG2P" failures="0" tests="2" name="TestNg.Framework.payment" time="0.002" errors="0" timestamp="13 Mar 2021 18:26:41 GMT">
  <testcase classname="TestNg.Framework.payment" name="studentpayment" time="0.001"/>
  <testcase classname="TestNg.Framework.payment" name="clientpayment" time="0.001"/>
</testsuite> <!-- TestNg.Framework.payment -->
