<?xml version="1.0" encoding="UTF-8"?>
<!-- Generated by org.testng.reporters.JUnitReportReporter -->
<testsuite hostname="DESKTOP-BVVQG2P" failures="0" tests="2" name="TestNg.Framework.basicLogin" time="0.005" errors="0" timestamp="13 Mar 2021 18:26:41 GMT">
  <testcase classname="TestNg.Framework.basicLogin" name="negativeTest" time="0.001"/>
  <testcase classname="TestNg.Framework.basicLogin" name="SuperLoginTest" time="0.004"/>
</testsuite> <!-- TestNg.Framework.basicLogin -->
